********************************************************************************
product = Open Liberty 17.0.0.4 (wlp-1.0.19.201712061531)
wlp.install.dir = /Users/xiaoyuzhou/Documents/Other/ibm-websphere-tutorial/project/guide-rest-client-java/start/target/liberty/wlp/
java.home = /Library/Java/JavaVirtualMachines/jdk1.8.0_151.jdk/Contents/Home/jre
java.version = 1.8.0_151
java.runtime = Java(TM) SE Runtime Environment (1.8.0_151-b12)
os = Mac OS X (10.13.3; x86_64) (en_US)
process = 21573@Xiaoyus-iMac.local
********************************************************************************
[1/25/18 15:29:03:593 EST] 00000001 com.ibm.ws.kernel.launch.internal.FrameworkManager           A CWWKE0001I: The server defaultServer has been launched.
[1/25/18 15:29:04:193 EST] 00000001 com.ibm.ws.kernel.launch.internal.FrameworkManager           I CWWKE0002I: The kernel started after 0.955 seconds
[1/25/18 15:29:04:231 EST] 00000019 com.ibm.ws.kernel.feature.internal.FeatureManager            I CWWKF0007I: Feature update started.
[1/25/18 15:29:04:874 EST] 00000012 com.ibm.ws.app.manager.internal.monitor.DropinMonitor        A CWWKZ0058I: Monitoring dropins for applications. 
[1/25/18 15:29:04:883 EST] 0000001c com.ibm.ws.tcpchannel.internal.TCPChannel                    I CWWKO0219I: TCP Channel defaultHttpEndpoint has been started and is now listening for requests on host *  (IPv6) port 9080.
[1/25/18 15:29:05:055 EST] 00000021 com.ibm.ws.app.manager.AppMessageHelper                      W CWWKZ0014W: The application io.openliberty.guides.consumingrest could not be started as it could not be found at location io.openliberty.guides.consumingrest.war.
[1/25/18 15:29:35:134 EST] 00000019 com.ibm.ws.kernel.feature.internal.FeatureManager            A CWWKF0012I: The server installed the following features: [servlet-3.1, json-1.0, jsonp-1.0, jaxrs-2.0, jaxrsClient-2.0].
[1/25/18 15:29:35:135 EST] 00000019 com.ibm.ws.kernel.feature.internal.FeatureManager            I CWWKF0008I: Feature update completed in 30.942 seconds.
[1/25/18 15:29:35:135 EST] 00000019 com.ibm.ws.kernel.feature.internal.FeatureManager            A CWWKF0011I: The server defaultServer is ready to run a smarter planet.
[1/25/18 15:29:51:747 EST] 0000000f com.ibm.ws.kernel.launch.internal.ServerCommandListener      A CWWKE0055I: Server shutdown requested on Thursday, January 25, 2018 at 3:29 PM. The server defaultServer is shutting down.
[1/25/18 15:29:51:750 EST] 0000003a com.ibm.ws.runtime.update.internal.RuntimeUpdateManagerImpl  A CWWKE1100I: Waiting for up to 30 seconds for the server to quiesce.
[1/25/18 15:29:51:751 EST] 0000003b com.ibm.ws.tcpchannel.internal.TCPChannel                    I CWWKO0220I: TCP Channel defaultHttpEndpoint has stopped listening for requests on host *  (IPv6) port 9080.
[1/25/18 15:29:51:754 EST] 0000003a com.ibm.ws.runtime.update.internal.RuntimeUpdateManagerImpl  I CWWKE1101I: Server quiesce complete.
[1/25/18 15:29:51:831 EST] 00000001 com.ibm.ws.kernel.launch.internal.FrameworkManager           A CWWKE0036I: The server defaultServer stopped after 48.592 seconds.
