********************************************************************************
product = Open Liberty 17.0.0.4 (wlp-1.0.19.201712061531)
wlp.install.dir = /Users/xiaoyuzhou/Documents/Other/ibm-websphere-tutorial/project/guide-rest-client-java/start/target/liberty/wlp/
java.home = /Library/Java/JavaVirtualMachines/jdk1.8.0_151.jdk/Contents/Home/jre
java.version = 1.8.0_151
java.runtime = Java(TM) SE Runtime Environment (1.8.0_151-b12)
os = Mac OS X (10.13.3; x86_64) (en_US)
process = 26057@Xiaoyus-iMac.local
********************************************************************************
[1/25/18 15:31:10:468 EST] 00000001 com.ibm.ws.kernel.launch.internal.FrameworkManager           A CWWKE0001I: The server defaultServer has been launched.
[1/25/18 15:31:11:053 EST] 00000001 com.ibm.ws.kernel.launch.internal.FrameworkManager           I CWWKE0002I: The kernel started after 0.886 seconds
[1/25/18 15:31:11:080 EST] 00000018 com.ibm.ws.kernel.feature.internal.FeatureManager            I CWWKF0007I: Feature update started.
[1/25/18 15:31:11:552 EST] 00000011 com.ibm.ws.app.manager.internal.monitor.DropinMonitor        A CWWKZ0058I: Monitoring dropins for applications. 
[1/25/18 15:31:11:566 EST] 0000001a com.ibm.ws.tcpchannel.internal.TCPChannel                    I CWWKO0219I: TCP Channel defaultHttpEndpoint has been started and is now listening for requests on host *  (IPv6) port 9080.
[1/25/18 15:31:11:769 EST] 00000023 com.ibm.ws.app.manager.AppMessageHelper                      I CWWKZ0018I: Starting application io.openliberty.guides.consumingrest-1.0-SNAPSHOT.
[1/25/18 15:31:11:769 EST] 00000022 com.ibm.ws.app.manager.AppMessageHelper                      I CWWKZ0018I: Starting application io.openliberty.guides.consumingrest.
[1/25/18 15:31:12:120 EST] 00000023 com.ibm.ws.session.WASSessionCore                            I SESN8501I: The session manager did not find a persistent storage location; HttpSession objects will be stored in the local application server's memory.
[1/25/18 15:31:12:128 EST] 00000023 com.ibm.ws.webcontainer.osgi.webapp.WebGroup                 I SRVE0169I: Loading Web Module: Liberty Project.
[1/25/18 15:31:12:130 EST] 00000023 com.ibm.ws.webcontainer                                      I SRVE0250I: Web Module Liberty Project has been bound to default_host.
[1/25/18 15:31:12:131 EST] 00000023 com.ibm.ws.http.internal.VirtualHostImpl                     A CWWKT0016I: Web application available (default_host): http://192.168.0.27:9080/
[1/25/18 15:31:12:136 EST] 00000023 com.ibm.ws.app.manager.AppMessageHelper                      A CWWKZ0001I: Application io.openliberty.guides.consumingrest-1.0-SNAPSHOT started in 0.367 seconds.
[1/25/18 15:31:12:229 EST] 00000027 com.ibm.ws.session.WASSessionCore                            I SESN0176I: A new session context will be created for application key default_host/
[1/25/18 15:31:12:246 EST] 00000027 com.ibm.ws.util                                              I SESN0172I: The session manager is using the Java default SecureRandom implementation for session ID generation.
[1/25/18 15:31:12:293 EST] 00000028 com.ibm.ws.webcontainer.osgi.mbeans.PluginGenerator          I SRVE9103I: A configuration file for a web server plugin was automatically generated for this server at /Users/xiaoyuzhou/Documents/Other/ibm-websphere-tutorial/project/guide-rest-client-java/start/target/liberty/wlp/usr/servers/defaultServer/logs/state/plugin-cfg.xml.
[1/25/18 15:31:12:311 EST] 00000022 com.ibm.ws.webcontainer.osgi.webapp.WebGroup                 I SRVE0169I: Loading Web Module: Liberty Project.
[1/25/18 15:31:12:312 EST] 00000022 com.ibm.ws.webcontainer                                      I SRVE0250I: Web Module Liberty Project has been bound to default_host.
[1/25/18 15:31:12:312 EST] 00000022 com.ibm.ws.http.internal.VirtualHostImpl                     A CWWKT0016I: Web application available (default_host): http://192.168.0.27:9080/io.openliberty.guides.consumingrest/
[1/25/18 15:31:12:312 EST] 00000022 com.ibm.ws.app.manager.AppMessageHelper                      A CWWKZ0001I: Application io.openliberty.guides.consumingrest started in 0.543 seconds.
[1/25/18 15:31:12:319 EST] 0000002a com.ibm.ws.session.WASSessionCore                            I SESN0176I: A new session context will be created for application key default_host/io.openliberty.guides.consumingrest
[1/25/18 15:31:12:319 EST] 0000002a com.ibm.ws.util                                              I SESN0172I: The session manager is using the Java default SecureRandom implementation for session ID generation.
[1/25/18 15:31:12:323 EST] 0000002b com.ibm.ws.webcontainer.osgi.mbeans.PluginGenerator          I SRVE9103I: A configuration file for a web server plugin was automatically generated for this server at /Users/xiaoyuzhou/Documents/Other/ibm-websphere-tutorial/project/guide-rest-client-java/start/target/liberty/wlp/usr/servers/defaultServer/logs/state/plugin-cfg.xml.
[1/25/18 15:31:12:327 EST] 00000018 com.ibm.ws.kernel.feature.internal.FeatureManager            A CWWKF0012I: The server installed the following features: [localConnector-1.0].
[1/25/18 15:31:12:327 EST] 00000018 com.ibm.ws.kernel.feature.internal.FeatureManager            I CWWKF0008I: Feature update completed in 1.274 seconds.
[1/25/18 15:31:12:327 EST] 00000018 com.ibm.ws.kernel.feature.internal.FeatureManager            A CWWKF0011I: The server defaultServer is ready to run a smarter planet.
[1/25/18 15:31:12:855 EST] 00000027 8e77[com.ibm.ws.jaxrs.2.0.common:1.0.19.201712061602(id=83)] I Setting the server's publish address to be /
[1/25/18 15:31:12:985 EST] 00000027 com.ibm.ws.webcontainer.servlet                              I SRVE0242I: [io.openliberty.guides.consumingrest] [/io.openliberty.guides.consumingrest] [io.openliberty.guides.consumingrest.service.ArtistApplication]: Initialization successful.
[1/25/18 15:31:26:961 EST] 0000002c 8e77[com.ibm.ws.jaxrs.2.0.common:1.0.19.201712061602(id=83)] I Setting the server's publish address to be /
[1/25/18 15:31:26:968 EST] 0000002c com.ibm.ws.webcontainer.servlet                              I SRVE0242I: [io.openliberty.guides.consumingrest-1.0-SNAPSHOT] [/] [io.openliberty.guides.consumingrest.service.ArtistApplication]: Initialization successful.
[1/25/18 15:33:31:987 EST] 00000040 com.ibm.ws.runtime.update.internal.RuntimeUpdateManagerImpl  A CWWKE1100I: Waiting for up to 30 seconds for the server to quiesce.
[1/25/18 15:33:31:990 EST] 00000041 com.ibm.ws.tcpchannel.internal.TCPChannel                    I CWWKO0220I: TCP Channel defaultHttpEndpoint has stopped listening for requests on host *  (IPv6) port 9080.
[1/25/18 15:33:31:991 EST] 00000041 com.ibm.ws.http.internal.VirtualHostImpl                     A CWWKT0017I: Web application removed (default_host): http://192.168.0.27:9080/
[1/25/18 15:33:31:991 EST] 00000041 com.ibm.ws.http.internal.VirtualHostImpl                     A CWWKT0017I: Web application removed (default_host): http://192.168.0.27:9080/io.openliberty.guides.consumingrest/
[1/25/18 15:33:31:993 EST] 00000040 com.ibm.ws.runtime.update.internal.RuntimeUpdateManagerImpl  I CWWKE1101I: Server quiesce complete.
[1/25/18 15:33:32:010 EST] 0000001f com.ibm.ws.webcontainer.servlet                              I SRVE0253I: [io.openliberty.guides.consumingrest-1.0-SNAPSHOT] [/] [io.openliberty.guides.consumingrest.service.ArtistApplication]: Destroy successful.
[1/25/18 15:33:32:015 EST] 0000001f com.ibm.ws.app.manager.AppMessageHelper                      A CWWKZ0009I: The application io.openliberty.guides.consumingrest-1.0-SNAPSHOT has stopped successfully.
[1/25/18 15:33:32:021 EST] 00000029 com.ibm.ws.webcontainer.servlet                              I SRVE0253I: [io.openliberty.guides.consumingrest] [/io.openliberty.guides.consumingrest] [io.openliberty.guides.consumingrest.service.ArtistApplication]: Destroy successful.
[1/25/18 15:33:32:023 EST] 00000029 com.ibm.ws.app.manager.AppMessageHelper                      A CWWKZ0009I: The application io.openliberty.guides.consumingrest has stopped successfully.
[1/25/18 15:33:32:232 EST] 00000001 com.ibm.ws.kernel.launch.internal.FrameworkManager           A CWWKE0036I: The server defaultServer stopped after 2 minutes, 22.063 seconds.
