********************************************************************************
product = Open Liberty 17.0.0.4 (wlp-1.0.19.201712061531)
wlp.install.dir = /Users/xiaoyuzhou/Documents/Other/ibm-websphere-tutorial/project/guide-maven-intro/finish/target/liberty/wlp/
java.home = /Library/Java/JavaVirtualMachines/jdk1.8.0_151.jdk/Contents/Home/jre
java.version = 1.8.0_151
java.runtime = Java(TM) SE Runtime Environment (1.8.0_151-b12)
os = Mac OS X (10.13.3; x86_64) (en_US)
process = 42445@Xiaoyus-iMac.local
********************************************************************************
[1/28/18 2:57:33:410 EST] 00000001 com.ibm.ws.kernel.launch.internal.FrameworkManager           A CWWKE0001I: The server ServletSampleServer has been launched.
[1/28/18 2:57:34:038 EST] 00000001 com.ibm.ws.kernel.launch.internal.FrameworkManager           I CWWKE0002I: The kernel started after 0.887 seconds
[1/28/18 2:57:34:069 EST] 00000019 com.ibm.ws.kernel.feature.internal.FeatureManager            I CWWKF0007I: Feature update started.
[1/28/18 2:57:34:644 EST] 00000011 com.ibm.ws.app.manager.internal.monitor.DropinMonitor        A CWWKZ0058I: Monitoring dropins for applications. 
[1/28/18 2:57:34:647 EST] 0000001c com.ibm.ws.tcpchannel.internal.TCPChannel                    I CWWKO0219I: TCP Channel defaultHttpEndpoint has been started and is now listening for requests on host *  (IPv6) port 9080.
[1/28/18 2:57:34:791 EST] 00000021 com.ibm.ws.app.manager.AppMessageHelper                      I CWWKZ0018I: Starting application ServletSample.
[1/28/18 2:57:34:957 EST] 00000021 com.ibm.ws.session.WASSessionCore                            I SESN8501I: The session manager did not find a persistent storage location; HttpSession objects will be stored in the local application server's memory.
[1/28/18 2:57:34:966 EST] 00000021 com.ibm.ws.webcontainer.osgi.webapp.WebGroup                 I SRVE0169I: Loading Web Module: Hello Servlet.
[1/28/18 2:57:34:967 EST] 00000021 com.ibm.ws.webcontainer                                      I SRVE0250I: Web Module Hello Servlet has been bound to default_host.
[1/28/18 2:57:34:968 EST] 00000021 com.ibm.ws.http.internal.VirtualHostImpl                     A CWWKT0016I: Web application available (default_host): http://192.168.0.27:9080/ServletSample/
[1/28/18 2:57:34:970 EST] 00000021 com.ibm.ws.app.manager.AppMessageHelper                      A CWWKZ0001I: Application ServletSample started in 0.179 seconds.
[1/28/18 2:57:34:991 EST] 00000019 com.ibm.ws.kernel.feature.internal.FeatureManager            A CWWKF0012I: The server installed the following features: [servlet-3.1].
[1/28/18 2:57:34:991 EST] 00000019 com.ibm.ws.kernel.feature.internal.FeatureManager            I CWWKF0008I: Feature update completed in 0.954 seconds.
[1/28/18 2:57:34:991 EST] 00000019 com.ibm.ws.kernel.feature.internal.FeatureManager            A CWWKF0011I: The server ServletSampleServer is ready to run a smarter planet.
[1/28/18 2:57:34:998 EST] 00000023 com.ibm.ws.session.WASSessionCore                            I SESN0176I: A new session context will be created for application key default_host/ServletSample
[1/28/18 2:57:35:009 EST] 00000023 com.ibm.ws.util                                              I SESN0172I: The session manager is using the Java default SecureRandom implementation for session ID generation.
[1/28/18 2:57:35:099 EST] 00000024 com.ibm.ws.webcontainer.osgi.mbeans.PluginGenerator          I SRVE9103I: A configuration file for a web server plugin was automatically generated for this server at /Users/xiaoyuzhou/Documents/Other/ibm-websphere-tutorial/project/guide-maven-intro/finish/target/liberty/wlp/usr/servers/ServletSampleServer/logs/state/plugin-cfg.xml.
[1/28/18 2:58:42:478 EST] 0000002f com.ibm.ws.webcontainer.servlet                              I SRVE0242I: [ServletSample] [/ServletSample] [io.openliberty.guides.hello.HelloServlet]: Initialization successful.
[1/28/18 3:00:40:508 EST] 0000002e com.ibm.ws.http.internal.VirtualHostImpl                     A CWWKT0017I: Web application removed (default_host): http://192.168.0.27:9080/ServletSample/
[1/28/18 3:00:40:509 EST] 0000002e com.ibm.ws.webcontainer.servlet                              I SRVE0253I: [ServletSample] [/ServletSample] [io.openliberty.guides.hello.HelloServlet]: Destroy successful.
[1/28/18 3:00:40:513 EST] 0000002e com.ibm.ws.app.manager.AppMessageHelper                      A CWWKZ0009I: The application ServletSample has stopped successfully.
[1/28/18 3:00:40:516 EST] 0000002e com.ibm.ws.app.manager.AppMessageHelper                      I CWWKZ0018I: Starting application ServletSample.
[1/28/18 3:00:40:528 EST] 00000048 com.ibm.ws.webcontainer.osgi.mbeans.PluginGenerator          I SRVE9103I: A configuration file for a web server plugin was automatically generated for this server at /Users/xiaoyuzhou/Documents/Other/ibm-websphere-tutorial/project/guide-maven-intro/finish/target/liberty/wlp/usr/servers/ServletSampleServer/logs/state/plugin-cfg.xml.
[1/28/18 3:00:40:547 EST] 0000002e com.ibm.ws.webcontainer.osgi.webapp.WebGroup                 I SRVE0169I: Loading Web Module: Hello Servlet.
[1/28/18 3:00:40:547 EST] 0000002e com.ibm.ws.webcontainer                                      I SRVE0250I: Web Module Hello Servlet has been bound to default_host.
[1/28/18 3:00:40:547 EST] 0000002e com.ibm.ws.http.internal.VirtualHostImpl                     A CWWKT0016I: Web application available (default_host): http://192.168.0.27:9080/ServletSample/
[1/28/18 3:00:40:548 EST] 0000002e com.ibm.ws.app.manager.AppMessageHelper                      A CWWKZ0003I: The application ServletSample updated in 0.032 seconds.
[1/28/18 3:00:40:549 EST] 0000002e com.ibm.ws.session.WASSessionCore                            I SESN0176I: A new session context will be created for application key default_host/ServletSample
[1/28/18 3:00:40:550 EST] 0000002e com.ibm.ws.util                                              I SESN0172I: The session manager is using the Java default SecureRandom implementation for session ID generation.
[1/28/18 3:00:40:562 EST] 00000043 com.ibm.ws.webcontainer.osgi.mbeans.PluginGenerator          I SRVE9103I: A configuration file for a web server plugin was automatically generated for this server at /Users/xiaoyuzhou/Documents/Other/ibm-websphere-tutorial/project/guide-maven-intro/finish/target/liberty/wlp/usr/servers/ServletSampleServer/logs/state/plugin-cfg.xml.
[1/28/18 3:00:50:896 EST] 00000049 com.ibm.ws.config.xml.internal.ConfigRefresher               A CWWKG0016I: Starting server configuration update.
[1/28/18 3:00:50:901 EST] 00000049 com.ibm.ws.config.xml.internal.ConfigRefresher               A CWWKG0018I: The server configuration was not updated. No functional changes were detected.
[1/28/18 3:00:51:462 EST] 00000045 com.ibm.ws.http.internal.VirtualHostImpl                     A CWWKT0017I: Web application removed (default_host): http://192.168.0.27:9080/ServletSample/
[1/28/18 3:00:51:465 EST] 00000045 com.ibm.ws.app.manager.AppMessageHelper                      A CWWKZ0009I: The application ServletSample has stopped successfully.
[1/28/18 3:00:51:468 EST] 00000045 com.ibm.ws.app.manager.AppMessageHelper                      I CWWKZ0018I: Starting application ServletSample.
[1/28/18 3:00:51:476 EST] 0000001c com.ibm.ws.webcontainer.osgi.mbeans.PluginGenerator          I SRVE9103I: A configuration file for a web server plugin was automatically generated for this server at /Users/xiaoyuzhou/Documents/Other/ibm-websphere-tutorial/project/guide-maven-intro/finish/target/liberty/wlp/usr/servers/ServletSampleServer/logs/state/plugin-cfg.xml.
[1/28/18 3:00:51:487 EST] 00000045 com.ibm.ws.webcontainer.osgi.webapp.WebGroup                 I SRVE0169I: Loading Web Module: Hello Servlet.
[1/28/18 3:00:51:488 EST] 00000045 com.ibm.ws.webcontainer                                      I SRVE0250I: Web Module Hello Servlet has been bound to default_host.
[1/28/18 3:00:51:488 EST] 00000045 com.ibm.ws.http.internal.VirtualHostImpl                     A CWWKT0016I: Web application available (default_host): http://192.168.0.27:9080/ServletSample/
[1/28/18 3:00:51:489 EST] 00000045 com.ibm.ws.app.manager.AppMessageHelper                      A CWWKZ0003I: The application ServletSample updated in 0.021 seconds.
[1/28/18 3:00:51:491 EST] 0000004b com.ibm.ws.session.WASSessionCore                            I SESN0176I: A new session context will be created for application key default_host/ServletSample
[1/28/18 3:00:51:491 EST] 0000004b com.ibm.ws.util                                              I SESN0172I: The session manager is using the Java default SecureRandom implementation for session ID generation.
[1/28/18 3:00:51:502 EST] 00000020 com.ibm.ws.webcontainer.osgi.mbeans.PluginGenerator          I SRVE9103I: A configuration file for a web server plugin was automatically generated for this server at /Users/xiaoyuzhou/Documents/Other/ibm-websphere-tutorial/project/guide-maven-intro/finish/target/liberty/wlp/usr/servers/ServletSampleServer/logs/state/plugin-cfg.xml.
[1/28/18 3:00:51:604 EST] 0000004a com.ibm.ws.config.xml.internal.ConfigRefresher               A CWWKG0016I: Starting server configuration update.
[1/28/18 3:00:51:606 EST] 0000004a com.ibm.ws.config.xml.internal.ConfigRefresher               A CWWKG0018I: The server configuration was not updated. No functional changes were detected.
[1/28/18 3:00:51:677 EST] 0000000f com.ibm.ws.kernel.launch.internal.ServerCommandListener      A CWWKE0055I: Server shutdown requested on Sunday, January 28, 2018 at 3:00 AM. The server ServletSampleServer is shutting down.
[1/28/18 3:00:51:678 EST] 0000004d com.ibm.ws.runtime.update.internal.RuntimeUpdateManagerImpl  A CWWKE1100I: Waiting for up to 30 seconds for the server to quiesce.
[1/28/18 3:00:51:680 EST] 0000004e com.ibm.ws.tcpchannel.internal.TCPChannel                    I CWWKO0220I: TCP Channel defaultHttpEndpoint has stopped listening for requests on host *  (IPv6) port 9080.
[1/28/18 3:00:51:681 EST] 0000004e com.ibm.ws.http.internal.VirtualHostImpl                     A CWWKT0017I: Web application removed (default_host): http://192.168.0.27:9080/ServletSample/
[1/28/18 3:00:51:682 EST] 0000004d com.ibm.ws.runtime.update.internal.RuntimeUpdateManagerImpl  I CWWKE1101I: Server quiesce complete.
[1/28/18 3:00:51:692 EST] 00000043 com.ibm.ws.app.manager.AppMessageHelper                      A CWWKZ0009I: The application ServletSample has stopped successfully.
[1/28/18 3:00:51:773 EST] 00000001 com.ibm.ws.kernel.launch.internal.FrameworkManager           A CWWKE0036I: The server ServletSampleServer stopped after 3 minutes, 18.619 seconds.
