********************************************************************************
product = Open Liberty 17.0.0.4 (wlp-1.0.19.201712061531)
wlp.install.dir = /Users/xiaoyuzhou/Documents/Other/ibm-websphere-tutorial/project/guide-rest-client-angularjs/start/target/liberty/wlp/
java.home = /Library/Java/JavaVirtualMachines/jdk1.8.0_151.jdk/Contents/Home/jre
java.version = 1.8.0_151
java.runtime = Java(TM) SE Runtime Environment (1.8.0_151-b12)
os = Mac OS X (10.13.3; x86_64) (en_US)
process = 74545@Xiaoyus-iMac.local
********************************************************************************
[1/25/18 5:29:10:587 EST] 00000001 com.ibm.ws.kernel.launch.internal.FrameworkManager           A CWWKE0001I: The server defaultServer has been launched.
[1/25/18 5:29:11:156 EST] 00000001 com.ibm.ws.kernel.launch.internal.FrameworkManager           I CWWKE0002I: The kernel started after 0.705 seconds
[1/25/18 5:29:11:183 EST] 00000019 com.ibm.ws.kernel.feature.internal.FeatureManager            I CWWKF0007I: Feature update started.
[1/25/18 5:29:11:582 EST] 00000011 com.ibm.ws.app.manager.internal.monitor.DropinMonitor        A CWWKZ0058I: Monitoring dropins for applications. 
[1/25/18 5:29:11:591 EST] 0000001b com.ibm.ws.tcpchannel.internal.TCPChannel                    I CWWKO0219I: TCP Channel defaultHttpEndpoint has been started and is now listening for requests on host *  (IPv6) port 9080.
[1/25/18 5:29:11:734 EST] 00000021 com.ibm.ws.app.manager.AppMessageHelper                      I CWWKZ0018I: Starting application io.openliberty.guides.consumingrest-ajs.
[1/25/18 5:29:11:904 EST] 00000021 com.ibm.ws.session.WASSessionCore                            I SESN8501I: The session manager did not find a persistent storage location; HttpSession objects will be stored in the local application server's memory.
[1/25/18 5:29:11:908 EST] 00000021 com.ibm.ws.webcontainer.osgi.webapp.WebGroup                 I SRVE0169I: Loading Web Module: Liberty Project.
[1/25/18 5:29:11:909 EST] 00000021 com.ibm.ws.webcontainer                                      I SRVE0250I: Web Module Liberty Project has been bound to default_host.
[1/25/18 5:29:11:910 EST] 00000021 com.ibm.ws.http.internal.VirtualHostImpl                     A CWWKT0016I: Web application available (default_host): http://192.168.0.27:9080/
[1/25/18 5:29:11:912 EST] 00000021 com.ibm.ws.app.manager.AppMessageHelper                      A CWWKZ0001I: Application io.openliberty.guides.consumingrest-ajs started in 0.178 seconds.
[1/25/18 5:29:11:914 EST] 00000019 com.ibm.ws.kernel.feature.internal.FeatureManager            A CWWKF0012I: The server installed the following features: [servlet-3.1, json-1.0, jsonp-1.0, jaxrs-2.0, jaxrsClient-2.0].
[1/25/18 5:29:11:914 EST] 00000019 com.ibm.ws.kernel.feature.internal.FeatureManager            I CWWKF0008I: Feature update completed in 0.758 seconds.
[1/25/18 5:29:11:914 EST] 00000019 com.ibm.ws.kernel.feature.internal.FeatureManager            A CWWKF0011I: The server defaultServer is ready to run a smarter planet.
[1/25/18 5:29:11:942 EST] 00000023 com.ibm.ws.session.WASSessionCore                            I SESN0176I: A new session context will be created for application key default_host/
[1/25/18 5:29:11:953 EST] 00000023 com.ibm.ws.util                                              I SESN0172I: The session manager is using the Java default SecureRandom implementation for session ID generation.
[1/25/18 5:29:12:022 EST] 00000024 com.ibm.ws.webcontainer.osgi.mbeans.PluginGenerator          I SRVE9103I: A configuration file for a web server plugin was automatically generated for this server at /Users/xiaoyuzhou/Documents/Other/ibm-websphere-tutorial/project/guide-rest-client-angularjs/start/target/liberty/wlp/usr/servers/defaultServer/logs/state/plugin-cfg.xml.
[1/25/18 5:29:19:406 EST] 00000023 a908[com.ibm.ws.jaxrs.2.0.common:1.0.19.201712061602(id=83)] I Setting the server's publish address to be /artists/
[1/25/18 5:29:19:535 EST] 00000023 com.ibm.ws.webcontainer.servlet                              I SRVE0242I: [io.openliberty.guides.consumingrest-ajs] [/] [io.openliberty.guides.consumingrest.service.ArtistApplication]: Initialization successful.
[1/25/18 5:36:32:650 EST] 0000004d com.ibm.ws.http.internal.VirtualHostImpl                     A CWWKT0017I: Web application removed (default_host): http://192.168.0.27:9080/
[1/25/18 5:36:32:653 EST] 0000004d com.ibm.ws.webcontainer.servlet                              I SRVE0253I: [io.openliberty.guides.consumingrest-ajs] [/] [io.openliberty.guides.consumingrest.service.ArtistApplication]: Destroy successful.
[1/25/18 5:36:32:657 EST] 0000004d com.ibm.ws.app.manager.AppMessageHelper                      A CWWKZ0009I: The application io.openliberty.guides.consumingrest-ajs has stopped successfully.
[1/25/18 5:36:32:659 EST] 0000004d com.ibm.ws.app.manager.AppMessageHelper                      I CWWKZ0018I: Starting application io.openliberty.guides.consumingrest-ajs.
[1/25/18 5:36:32:671 EST] 00000062 com.ibm.ws.webcontainer.osgi.mbeans.PluginGenerator          I SRVE9103I: A configuration file for a web server plugin was automatically generated for this server at /Users/xiaoyuzhou/Documents/Other/ibm-websphere-tutorial/project/guide-rest-client-angularjs/start/target/liberty/wlp/usr/servers/defaultServer/logs/state/plugin-cfg.xml.
[1/25/18 5:36:32:678 EST] 0000004d com.ibm.ws.webcontainer.osgi.webapp.WebGroup                 I SRVE0169I: Loading Web Module: Liberty Project.
[1/25/18 5:36:32:678 EST] 0000004d com.ibm.ws.webcontainer                                      I SRVE0250I: Web Module Liberty Project has been bound to default_host.
[1/25/18 5:36:32:678 EST] 0000004d com.ibm.ws.http.internal.VirtualHostImpl                     A CWWKT0016I: Web application available (default_host): http://192.168.0.27:9080/
[1/25/18 5:36:32:678 EST] 0000004d com.ibm.ws.app.manager.AppMessageHelper                      A CWWKZ0003I: The application io.openliberty.guides.consumingrest-ajs updated in 0.019 seconds.
[1/25/18 5:36:32:680 EST] 00000066 com.ibm.ws.session.WASSessionCore                            I SESN0176I: A new session context will be created for application key default_host/
[1/25/18 5:36:32:681 EST] 00000066 com.ibm.ws.util                                              I SESN0172I: The session manager is using the Java default SecureRandom implementation for session ID generation.
[1/25/18 5:36:32:690 EST] 0000005f com.ibm.ws.webcontainer.osgi.mbeans.PluginGenerator          I SRVE9103I: A configuration file for a web server plugin was automatically generated for this server at /Users/xiaoyuzhou/Documents/Other/ibm-websphere-tutorial/project/guide-rest-client-angularjs/start/target/liberty/wlp/usr/servers/defaultServer/logs/state/plugin-cfg.xml.
[1/25/18 5:36:36:138 EST] 00000061 a908[com.ibm.ws.jaxrs.2.0.common:1.0.19.201712061602(id=83)] I Setting the server's publish address to be /artists/
[1/25/18 5:36:36:146 EST] 00000061 com.ibm.ws.webcontainer.servlet                              I SRVE0242I: [io.openliberty.guides.consumingrest-ajs] [/] [io.openliberty.guides.consumingrest.service.ArtistApplication]: Initialization successful.
[1/25/18 5:36:36:148 EST] 00000061 SystemErr                                                    R File does not exist: ./src/resources/artists.json
[1/25/18 5:37:08:241 EST] 0000002f com.ibm.ws.http.internal.VirtualHostImpl                     A CWWKT0017I: Web application removed (default_host): http://192.168.0.27:9080/
[1/25/18 5:37:08:242 EST] 0000002f com.ibm.ws.webcontainer.servlet                              I SRVE0253I: [io.openliberty.guides.consumingrest-ajs] [/] [io.openliberty.guides.consumingrest.service.ArtistApplication]: Destroy successful.
[1/25/18 5:37:08:246 EST] 0000002f com.ibm.ws.app.manager.AppMessageHelper                      A CWWKZ0009I: The application io.openliberty.guides.consumingrest-ajs has stopped successfully.
[1/25/18 5:37:08:248 EST] 0000002f com.ibm.ws.app.manager.AppMessageHelper                      I CWWKZ0018I: Starting application io.openliberty.guides.consumingrest-ajs.
[1/25/18 5:37:08:256 EST] 0000005c com.ibm.ws.webcontainer.osgi.mbeans.PluginGenerator          I SRVE9103I: A configuration file for a web server plugin was automatically generated for this server at /Users/xiaoyuzhou/Documents/Other/ibm-websphere-tutorial/project/guide-rest-client-angularjs/start/target/liberty/wlp/usr/servers/defaultServer/logs/state/plugin-cfg.xml.
[1/25/18 5:37:08:270 EST] 0000002f com.ibm.ws.webcontainer.osgi.webapp.WebGroup                 I SRVE0169I: Loading Web Module: Liberty Project.
[1/25/18 5:37:08:270 EST] 0000002f com.ibm.ws.webcontainer                                      I SRVE0250I: Web Module Liberty Project has been bound to default_host.
[1/25/18 5:37:08:270 EST] 0000002f com.ibm.ws.http.internal.VirtualHostImpl                     A CWWKT0016I: Web application available (default_host): http://192.168.0.27:9080/
[1/25/18 5:37:08:271 EST] 0000002f com.ibm.ws.app.manager.AppMessageHelper                      A CWWKZ0003I: The application io.openliberty.guides.consumingrest-ajs updated in 0.022 seconds.
[1/25/18 5:37:08:273 EST] 0000006a com.ibm.ws.session.WASSessionCore                            I SESN0176I: A new session context will be created for application key default_host/
[1/25/18 5:37:08:273 EST] 0000006a com.ibm.ws.util                                              I SESN0172I: The session manager is using the Java default SecureRandom implementation for session ID generation.
[1/25/18 5:37:08:283 EST] 0000004b com.ibm.ws.webcontainer.osgi.mbeans.PluginGenerator          I SRVE9103I: A configuration file for a web server plugin was automatically generated for this server at /Users/xiaoyuzhou/Documents/Other/ibm-websphere-tutorial/project/guide-rest-client-angularjs/start/target/liberty/wlp/usr/servers/defaultServer/logs/state/plugin-cfg.xml.
[1/25/18 5:37:19:220 EST] 0000004c com.ibm.ws.http.internal.VirtualHostImpl                     A CWWKT0017I: Web application removed (default_host): http://192.168.0.27:9080/
[1/25/18 5:37:19:223 EST] 0000004c com.ibm.ws.app.manager.AppMessageHelper                      A CWWKZ0009I: The application io.openliberty.guides.consumingrest-ajs has stopped successfully.
[1/25/18 5:37:19:226 EST] 0000004c com.ibm.ws.app.manager.AppMessageHelper                      I CWWKZ0018I: Starting application io.openliberty.guides.consumingrest-ajs.
[1/25/18 5:37:19:234 EST] 00000047 com.ibm.ws.webcontainer.osgi.mbeans.PluginGenerator          I SRVE9103I: A configuration file for a web server plugin was automatically generated for this server at /Users/xiaoyuzhou/Documents/Other/ibm-websphere-tutorial/project/guide-rest-client-angularjs/start/target/liberty/wlp/usr/servers/defaultServer/logs/state/plugin-cfg.xml.
[1/25/18 5:37:19:245 EST] 0000004c com.ibm.ws.webcontainer.osgi.webapp.WebGroup                 I SRVE0169I: Loading Web Module: Liberty Project.
[1/25/18 5:37:19:246 EST] 0000004c com.ibm.ws.webcontainer                                      I SRVE0250I: Web Module Liberty Project has been bound to default_host.
[1/25/18 5:37:19:246 EST] 0000004c com.ibm.ws.http.internal.VirtualHostImpl                     A CWWKT0016I: Web application available (default_host): http://192.168.0.27:9080/
[1/25/18 5:37:19:246 EST] 0000004c com.ibm.ws.app.manager.AppMessageHelper                      A CWWKZ0003I: The application io.openliberty.guides.consumingrest-ajs updated in 0.020 seconds.
[1/25/18 5:37:19:248 EST] 00000065 com.ibm.ws.session.WASSessionCore                            I SESN0176I: A new session context will be created for application key default_host/
[1/25/18 5:37:19:248 EST] 00000065 com.ibm.ws.util                                              I SESN0172I: The session manager is using the Java default SecureRandom implementation for session ID generation.
[1/25/18 5:37:19:255 EST] 0000002f com.ibm.ws.webcontainer.osgi.mbeans.PluginGenerator          I SRVE9103I: A configuration file for a web server plugin was automatically generated for this server at /Users/xiaoyuzhou/Documents/Other/ibm-websphere-tutorial/project/guide-rest-client-angularjs/start/target/liberty/wlp/usr/servers/defaultServer/logs/state/plugin-cfg.xml.
[1/25/18 6:32:07:544 EST] 0000000e com.ibm.ws.kernel.launch.internal.FrameworkManager           A CWWKE0085I: The server defaultServer is stopping because the JVM is exiting.
[1/25/18 6:32:07:547 EST] 00000284 com.ibm.ws.runtime.update.internal.RuntimeUpdateManagerImpl  A CWWKE1100I: Waiting for up to 30 seconds for the server to quiesce.
[1/25/18 6:32:07:548 EST] 00000285 com.ibm.ws.tcpchannel.internal.TCPChannel                    I CWWKO0220I: TCP Channel defaultHttpEndpoint has stopped listening for requests on host *  (IPv6) port 9080.
[1/25/18 6:32:07:549 EST] 00000285 com.ibm.ws.http.internal.VirtualHostImpl                     A CWWKT0017I: Web application removed (default_host): http://192.168.0.27:9080/
[1/25/18 6:32:07:550 EST] 00000284 com.ibm.ws.runtime.update.internal.RuntimeUpdateManagerImpl  I CWWKE1101I: Server quiesce complete.
