********************************************************************************
product = Open Liberty 17.0.0.4 (wlp-1.0.19.201712061531)
wlp.install.dir = /Users/xiaoyuzhou/Documents/Other/ibm-websphere-tutorial/project/guide-rest-intro/start/target/liberty/wlp/
java.home = /Library/Java/JavaVirtualMachines/jdk1.8.0_151.jdk/Contents/Home/jre
java.version = 1.8.0_151
java.runtime = Java(TM) SE Runtime Environment (1.8.0_151-b12)
os = Mac OS X (10.13.3; x86_64) (en_US)
process = 45945@Xiaoyus-iMac.local
********************************************************************************
[1/25/18 2:58:12:337 EST] 00000001 com.ibm.ws.kernel.launch.internal.FrameworkManager           A CWWKE0001I: The server defaultServer has been launched.
[1/25/18 2:58:12:917 EST] 00000001 com.ibm.ws.kernel.launch.internal.FrameworkManager           I CWWKE0002I: The kernel started after 0.72 seconds
[1/25/18 2:58:12:947 EST] 00000019 com.ibm.ws.kernel.feature.internal.FeatureManager            I CWWKF0007I: Feature update started.
[1/25/18 2:58:13:351 EST] 00000011 com.ibm.ws.app.manager.internal.monitor.DropinMonitor        A CWWKZ0058I: Monitoring dropins for applications. 
[1/25/18 2:58:13:358 EST] 0000001b com.ibm.ws.tcpchannel.internal.TCPChannel                    I CWWKO0219I: TCP Channel defaultHttpEndpoint has been started and is now listening for requests on host *  (IPv6) port 9080.
[1/25/18 2:58:13:511 EST] 00000021 com.ibm.ws.app.manager.AppMessageHelper                      I CWWKZ0018I: Starting application rest.
[1/25/18 2:58:13:665 EST] 00000021 com.ibm.ws.session.WASSessionCore                            I SESN8501I: The session manager did not find a persistent storage location; HttpSession objects will be stored in the local application server's memory.
[1/25/18 2:58:13:670 EST] 00000021 com.ibm.ws.webcontainer.osgi.webapp.WebGroup                 I SRVE0169I: Loading Web Module: rest.
[1/25/18 2:58:13:671 EST] 00000021 com.ibm.ws.webcontainer                                      I SRVE0250I: Web Module rest has been bound to default_host.
[1/25/18 2:58:13:671 EST] 00000021 com.ibm.ws.http.internal.VirtualHostImpl                     A CWWKT0016I: Web application available (default_host): http://192.168.0.27:9080/LibertyProject/
[1/25/18 2:58:13:673 EST] 00000021 com.ibm.ws.app.manager.AppMessageHelper                      A CWWKZ0001I: Application rest started in 0.162 seconds.
[1/25/18 2:58:13:675 EST] 00000019 com.ibm.ws.kernel.feature.internal.FeatureManager            A CWWKF0012I: The server installed the following features: [servlet-3.1, json-1.0, jsonp-1.0, jaxrs-2.0, jaxrsClient-2.0].
[1/25/18 2:58:13:676 EST] 00000019 com.ibm.ws.kernel.feature.internal.FeatureManager            I CWWKF0008I: Feature update completed in 0.758 seconds.
[1/25/18 2:58:13:676 EST] 00000019 com.ibm.ws.kernel.feature.internal.FeatureManager            A CWWKF0011I: The server defaultServer is ready to run a smarter planet.
[1/25/18 2:58:13:705 EST] 00000023 com.ibm.ws.session.WASSessionCore                            I SESN0176I: A new session context will be created for application key default_host/LibertyProject
[1/25/18 2:58:13:716 EST] 00000023 com.ibm.ws.util                                              I SESN0172I: The session manager is using the Java default SecureRandom implementation for session ID generation.
[1/25/18 2:58:13:778 EST] 00000024 com.ibm.ws.webcontainer.osgi.mbeans.PluginGenerator          I SRVE9103I: A configuration file for a web server plugin was automatically generated for this server at /Users/xiaoyuzhou/Documents/Other/ibm-websphere-tutorial/project/guide-rest-intro/start/target/liberty/wlp/usr/servers/defaultServer/logs/state/plugin-cfg.xml.
[1/25/18 2:58:48:632 EST] 0000000f com.ibm.ws.kernel.launch.internal.ServerCommandListener      A CWWKE0055I: Server shutdown requested on Thursday, January 25, 2018 at 2:58 AM. The server defaultServer is shutting down.
[1/25/18 2:58:48:633 EST] 00000034 com.ibm.ws.runtime.update.internal.RuntimeUpdateManagerImpl  A CWWKE1100I: Waiting for up to 30 seconds for the server to quiesce.
[1/25/18 2:58:48:635 EST] 00000035 com.ibm.ws.tcpchannel.internal.TCPChannel                    I CWWKO0220I: TCP Channel defaultHttpEndpoint has stopped listening for requests on host *  (IPv6) port 9080.
[1/25/18 2:58:48:636 EST] 00000035 com.ibm.ws.http.internal.VirtualHostImpl                     A CWWKT0017I: Web application removed (default_host): http://192.168.0.27:9080/LibertyProject/
[1/25/18 2:58:48:637 EST] 00000034 com.ibm.ws.runtime.update.internal.RuntimeUpdateManagerImpl  I CWWKE1101I: Server quiesce complete.
[1/25/18 2:58:48:648 EST] 00000019 com.ibm.ws.app.manager.AppMessageHelper                      A CWWKZ0009I: The application rest has stopped successfully.
[1/25/18 2:58:48:765 EST] 00000001 com.ibm.ws.kernel.launch.internal.FrameworkManager           A CWWKE0036I: The server defaultServer stopped after 36.568 seconds.
